<?xml version="1.0" encoding="UTF-8"?>
<testng-results skipped="0" failed="0" ignored="0" total="1" passed="1">
  <reporter-output>
  </reporter-output>
  <suite name="Default suite" duration-ms="6863" started-at="2022-11-18T09:40:04Z" finished-at="2022-11-18T09:40:11Z">
    <groups>
    </groups>
    <test name="Default test" duration-ms="6863" started-at="2022-11-18T09:40:04Z" finished-at="2022-11-18T09:40:11Z">
      <class name="test.LoginTest">
        <test-method status="PASS" signature="loginTest()[pri:0, instance:test.LoginTest@79dc5318]" name="loginTest" duration-ms="6822" started-at="2022-11-18T09:40:04Z" finished-at="2022-11-18T09:40:11Z">
          <reporter-output>
          </reporter-output>
        </test-method> <!-- loginTest -->
      </class> <!-- test.LoginTest -->
    </test> <!-- Default test -->
  </suite> <!-- Default suite -->
</testng-results>
