<?xml version="1.0" encoding="UTF-8"?>
<testng-results skipped="0" failed="0" ignored="0" total="0" passed="0">
  <reporter-output>
  </reporter-output>
  <suite name="test.LoginTest" duration-ms="7" started-at="2022-11-18T09:18:12Z" finished-at="2022-11-18T09:18:12Z">
    <groups>
    </groups>
    <test name="Command line test" duration-ms="7" started-at="2022-11-18T09:18:12Z" finished-at="2022-11-18T09:18:12Z">
    </test> <!-- Command line test -->
  </suite> <!-- test.LoginTest -->
</testng-results>
