<?xml version="1.0" encoding="UTF-8"?>
<testng-results skipped="0" failed="0" ignored="0" total="1" passed="1">
  <reporter-output>
  </reporter-output>
  <suite name="Default suite" duration-ms="5257" started-at="2022-11-18T13:36:57 CST" finished-at="2022-11-18T13:37:02 CST">
    <groups>
    </groups>
    <test name="Default test" duration-ms="5257" started-at="2022-11-18T13:36:57 CST" finished-at="2022-11-18T13:37:02 CST">
      <class name="keyboardEvents.ActionClass">
        <test-method status="PASS" signature="init()[pri:0, instance:keyboardEvents.ActionClass@6b57696f]" name="init" is-config="true" duration-ms="3355" started-at="2022-11-18T13:36:57 CST" finished-at="2022-11-18T13:37:00 CST">
          <reporter-output>
          </reporter-output>
        </test-method> <!-- init -->
        <test-method status="PASS" signature="loginTest()[pri:0, instance:keyboardEvents.ActionClass@6b57696f]" name="loginTest" duration-ms="1854" started-at="2022-11-18T13:37:00 CST" finished-at="2022-11-18T13:37:02 CST">
          <reporter-output>
          </reporter-output>
        </test-method> <!-- loginTest -->
      </class> <!-- keyboardEvents.ActionClass -->
    </test> <!-- Default test -->
  </suite> <!-- Default suite -->
</testng-results>
